<?xml version="1.0" encoding="UTF-8"?>
<testsuite xmlns:xsi="http://www.w3.org/2001/XMLSchema-instance" xsi:noNamespaceSchemaLocation="https://maven.apache.org/surefire/maven-surefire-plugin/xsd/surefire-test-report-3.0.xsd" version="3.0" name="WindowsCheckerTest" time="1.433" tests="1" errors="1" skipped="0" failures="0">
  <properties>
[...]
</properties>
  <testcase name="testGetActiveWindowTitle" classname="WindowsCheckerTest" time="1.398">
    <error message="&#10;&#10;[Ljava.lang.Object;@2cc04358&#10;The class com.sun.jna.platform.win32.User32 not prepared for test.&#10;" type="org.powermock.api.mockito.ClassNotPreparedException"><![CDATA[org.powermock.api.mockito.ClassNotPreparedException: 


[Ljava.lang.Object;@2cc04358
The class com.sun.jna.platform.win32.User32 not prepared for test.

	at org.powermock.api.mockito.expectation.reporter.MockitoPowerMockReporter.classNotPrepared(MockitoPowerMockReporter.java:29)
	at org.powermock.api.mockito.internal.mockcreation.MockTypeValidatorFactory$DefaultMockTypeValidator.validate(MockTypeValidatorFactory.java:37)
	at org.powermock.api.mockito.internal.mockcreation.AbstractMockCreator.validateType(AbstractMockCreator.java:10)
	at org.powermock.api.mockito.internal.mockcreation.DefaultMockCreator.createMock(DefaultMockCreator.java:49)
	at org.powermock.api.mockito.internal.mockcreation.DefaultMockCreator.mock(DefaultMockCreator.java:40)
	at org.powermock.api.mockito.PowerMockito.mockStatic(PowerMockito.java:62)
	at WindowsCheckerTest.testGetActiveWindowTitle(WindowsCheckerTest.java:25)
	at java.base/java.lang.reflect.Method.invoke(Method.java:580)
	at java.base/java.util.ArrayList.forEach(ArrayList.java:1597)
	at java.base/java.util.ArrayList.forEach(ArrayList.java:1597)
]]></error>
    <system-err><![CDATA[Mockito is currently self-attaching to enable the inline-mock-maker. This will no longer work in future releases of the JDK. Please add Mockito as an agent to your build as described in Mockito's documentation: https://javadoc.io/doc/org.mockito/mockito-core/latest/org/mockito/Mockito.html#0.3
WARNING: A Java agent has been loaded dynamically (C:\Users\Iker\.m2\repository\net\bytebuddy\byte-buddy-agent\1.15.11\byte-buddy-agent-1.15.11.jar)
WARNING: If a serviceability tool is in use, please run with -XX:+EnableDynamicAgentLoading to hide this warning
WARNING: If a serviceability tool is not in use, please run with -Djdk.instrument.traceUsage for more information
WARNING: Dynamic loading of agents will be disallowed by default in a future release
]]></system-err>
  </testcase>
</testsuite>