<?xml version="1.0" encoding="UTF-8"?>
<testsuite xmlns:xsi="http://www.w3.org/2001/XMLSchema-instance" xsi:noNamespaceSchemaLocation="https://maven.apache.org/surefire/maven-surefire-plugin/xsd/surefire-test-report-3.0.xsd" version="3.0" name="PixelCoinsWindowTest" time="4.366" tests="1" errors="0" skipped="0" failures="0">
  <properties>
[...]
</properties>
  <testcase name="testExecuteGame_ErrorExecutingGame" classname="PixelCoinsWindowTest" time="4.232">
    <system-out><![CDATA[User{name=null, lastName=null, userName=OLLIS950, password=password123, email=iker@example.com, birthday=null, id=null}
]]></system-out>
  </testcase>
</testsuite>